<?xml version="1.0" encoding="UTF-8"?>
<!-- Generated by org.testng.reporters.JUnitReportReporter -->
<testsuite hostname="Dell" name="testJenkins.SimpleProgram" tests="1" failures="0" timestamp="17 Jul 2017 03:36:17 GMT" time="0.020" errors="0">
  <testcase name="TestHello" time="0.020" classname="testJenkins.SimpleProgram"/>
</testsuite> <!-- testJenkins.SimpleProgram -->
